<?xml version="1.0" encoding="UTF-8"?>
<robot generator="Robot 3.1.2 (Python 3.7.7 on win32)" generated="20220112 15:30:26.988" rpa="false">
<suite id="s1" name="Robotframeworkdesktop" source="C:\Users\dennypc\eclipse-workspace\robotframeworkdesktop">
<suite id="s1-s1" name="Coba" source="C:\Users\dennypc\eclipse-workspace\robotframeworkdesktop\coba.robot">
<test id="s1-s1-t1" name="coba">
<kw name="Launch Application" library="WhiteLibrary">
<doc>Launches an application.</doc>
<arguments>
<arg>notepad.exe</arg>
</arguments>
<status status="PASS" starttime="20220112 15:30:28.346" endtime="20220112 15:30:28.734"></status>
</kw>
<kw name="Attach Window" library="WhiteLibrary">
<doc>Attaches WhiteLibrary to a window.</doc>
<arguments>
<arg>Untitled - Notepad</arg>
</arguments>
<status status="PASS" starttime="20220112 15:30:28.735" endtime="20220112 15:30:29.375"></status>
</kw>
<kw name="Input Text To Textbox" library="WhiteLibrary">
<doc>Writes text to a textbox.</doc>
<arguments>
<arg>id=15</arg>
<arg>Hello World</arg>
</arguments>
<status status="PASS" starttime="20220112 15:30:29.376" endtime="20220112 15:30:30.160"></status>
</kw>
<kw name="Click Menu Button" library="WhiteLibrary">
<doc>Clicks a menu button.</doc>
<arguments>
<arg>text:File</arg>
</arguments>
<status status="PASS" starttime="20220112 15:30:30.161" endtime="20220112 15:30:30.537"></status>
</kw>
<kw name="Click Item" library="WhiteLibrary">
<doc>Clicks an item.</doc>
<arguments>
<arg>text:Exit</arg>
</arguments>
<status status="PASS" starttime="20220112 15:30:30.539" endtime="20220112 15:30:30.979"></status>
</kw>
<kw name="Click Button" library="WhiteLibrary">
<doc>Clicks a button.</doc>
<arguments>
<arg>id=CommandButton_7</arg>
</arguments>
<status status="PASS" starttime="20220112 15:30:30.981" endtime="20220112 15:30:31.462"></status>
</kw>
<status status="PASS" starttime="20220112 15:30:28.343" endtime="20220112 15:30:31.470" critical="yes"></status>
</test>
<status status="PASS" starttime="20220112 15:30:27.194" endtime="20220112 15:30:31.476"></status>
</suite>
<status status="PASS" starttime="20220112 15:30:27.100" endtime="20220112 15:30:31.496"></status>
</suite>
<statistics>
<total>
<stat pass="1" fail="0">Critical Tests</stat>
<stat pass="1" fail="0">All Tests</stat>
</total>
<tag>
</tag>
<suite>
<stat pass="1" fail="0" id="s1" name="Robotframeworkdesktop">Robotframeworkdesktop</stat>
<stat pass="1" fail="0" id="s1-s1" name="Coba">Robotframeworkdesktop.Coba</stat>
</suite>
</statistics>
<errors>
</errors>
</robot>
